<?xml version="1.0" encoding="UTF-8"?>
<testsuite xmlns:xsi="http://www.w3.org/2001/XMLSchema-instance" xsi:noNamespaceSchemaLocation="https://maven.apache.org/surefire/maven-surefire-plugin/xsd/surefire-test-report-3.0.xsd" version="3.0" name="com.stuti.soap.project.ApplicationTests" time="1.68" tests="1" errors="0" skipped="0" failures="0">
  <properties>
[...]
</properties>
  <testcase name="contextLoads" classname="com.stuti.soap.project.ApplicationTests" time="0.498">
    <system-out><![CDATA[09:22:48.198 [main] INFO org.springframework.test.context.support.AnnotationConfigContextLoaderUtils -- Could not detect default configuration classes for test class [com.stuti.soap.project.ApplicationTests]: ApplicationTests does not declare any static, non-private, non-final, nested classes annotated with @Configuration.
09:22:48.264 [main] INFO org.springframework.boot.test.context.SpringBootTestContextBootstrapper -- Found @SpringBootConfiguration com.stuti.soap.project.Application for test class com.stuti.soap.project.ApplicationTests

  .   ____          _            __ _ _
 /\\ / ___'_ __ _ _(_)_ __  __ _ \ \ \ \
( ( )\___ | '_ | '_| | '_ \/ _` | \ \ \ \
 \\/  ___)| |_)| | | | | || (_| |  ) ) ) )
  '  |____| .__|_| |_|_| |_\__, | / / / /
 =========|_|==============|___/=/_/_/_/
 :: Spring Boot ::                (v3.2.9)

2024-09-13T09:22:48.478+05:30  INFO 3657 --- [soap.project] [           main] c.stuti.soap.project.ApplicationTests    : Starting ApplicationTests using Java 18.0.2 with PID 3657 (started by megha in /Users/megha/IdeaProjects/soap.project)
2024-09-13T09:22:48.479+05:30  INFO 3657 --- [soap.project] [           main] c.stuti.soap.project.ApplicationTests    : No active profile set, falling back to 1 default profile: "default"
2024-09-13T09:22:48.876+05:30  WARN 3657 --- [soap.project] [           main] trationDelegate$BeanPostProcessorChecker : Bean 'webServiceConfig' of type [com.stuti.soap.project.WebServiceConfig$$SpringCGLIB$$0] is not eligible for getting processed by all BeanPostProcessors (for example: not eligible for auto-proxying). Is this bean getting eagerly injected into a currently created BeanPostProcessor [annotationActionEndpointMapping]? Check the corresponding BeanPostProcessor declaration and its dependencies.
2024-09-13T09:22:48.877+05:30  WARN 3657 --- [soap.project] [           main] trationDelegate$BeanPostProcessorChecker : Bean 'org.springframework.ws.config.annotation.DelegatingWsConfiguration' of type [org.springframework.ws.config.annotation.DelegatingWsConfiguration$$SpringCGLIB$$0] is not eligible for getting processed by all BeanPostProcessors (for example: not eligible for auto-proxying). The currently created BeanPostProcessor [annotationActionEndpointMapping] is declared through a non-static factory method on that class; consider declaring it as static instead.
2024-09-13T09:22:48.897+05:30  INFO 3657 --- [soap.project] [           main] .w.s.a.s.AnnotationActionEndpointMapping : Supporting [WS-Addressing August 2004, WS-Addressing 1.0]
2024-09-13T09:22:49.232+05:30  INFO 3657 --- [soap.project] [           main] c.stuti.soap.project.ApplicationTests    : Started ApplicationTests in 0.886 seconds (process running for 1.542)
]]></system-out>
  </testcase>
</testsuite>